 
****************************************
Report : constraint
        -all_violators
Design : worker
Version: O-2018.06
Date   : Sun Jan 12 19:16:43 2020
****************************************


   max_transition

                             Required        Actual
   Net                      Transition     Transition        Slack
   -----------------------------------------------------------------
   rst_n_in                     0.12           0.12           0.00  (VIOLATED: increase significant digits)

   -----------------------------------------------------------------
   Total                      1                  -0.00  

   max_area

                             Required        Actual
   Design                      Area           Area           Slack
   -----------------------------------------------------------------
   worker                       0.00       127429.43      -127429.43
                                                                    (VIOLATED)


1
