 
****************************************
Report : timing
        -path full
        -delay max
        -max_paths 4
Design : worker
Version: O-2018.06
Date   : Sun Jan 12 21:27:23 2020
****************************************

 # A fanout number of 1000 was used for high fanout net computations.

Operating Conditions: ss0p95v125c   Library: saed32hvt_ss0p95v125c
Wire Load Model Mode: enclosed

  Startpoint: part_reg_reg_3__0_
              (rising edge-triggered flip-flop clocked by clk)
  Endpoint: res4_comp_reg_0_
            (rising edge-triggered flip-flop clocked by clk)
  Path Group: clk
  Path Type: max

  Des/Clust/Port     Wire Load Model       Library
  ------------------------------------------------
  worker             140000                saed32hvt_ss0p95v125c

  Point                                    Incr       Path
  -----------------------------------------------------------
  clock clk (rise edge)                    0.00       0.00
  clock network delay (ideal)              0.00       0.00
  part_reg_reg_3__0_/CLK (DFFX1_HVT)       0.00 #     0.00 r
  part_reg_reg_3__0_/Q (DFFX1_HVT)         0.22       0.22 f
  U10506/Y (NAND2X0_HVT)                   0.05       0.27 r
  U10505/Y (AO21X1_HVT)                    0.07       0.34 r
  U10234/Y (AND2X1_HVT)                    0.07       0.41 r
  U10994/Y (OA22X1_HVT)                    0.09       0.50 r
  U10995/Y (NAND2X0_HVT)                   0.05       0.55 f
  U10233/Y (NAND2X0_HVT)                   0.05       0.60 r
  U10232/Y (AND2X1_HVT)                    0.08       0.68 r
  U10313/Y (AO21X1_HVT)                    0.11       0.79 r
  U10224/Y (MUX21X1_HVT)                   0.17       0.96 f
  U11020/Y (INVX0_HVT)                     0.05       1.00 r
  U11025/Y (OA21X1_HVT)                    0.10       1.10 r
  U10239/Y (OA22X1_HVT)                    0.09       1.19 r
  U10238/Y (NAND2X0_HVT)                   0.05       1.24 f
  U11039/Y (NAND2X0_HVT)                   0.05       1.30 r
  U10307/Y (NAND2X4_HVT)                   0.13       1.43 f
  U11053/Y (MUX21X1_HVT)                   0.14       1.56 r
  U11054/Y (OR2X1_HVT)                     0.08       1.64 r
  U11060/Y (AO22X1_HVT)                    0.09       1.73 r
  U11067/Y (NAND2X0_HVT)                   0.05       1.78 f
  U11071/Y (NAND2X0_HVT)                   0.05       1.83 r
  U11094/Y (AO21X1_HVT)                    0.11       1.95 r
  U10312/Y (NAND2X2_HVT)                   0.14       2.09 f
  U11266/Y (MUX21X1_HVT)                   0.15       2.25 r
  U10231/Y (INVX1_HVT)                     0.04       2.28 f
  U10491/Y (NAND2X0_HVT)                   0.05       2.33 r
  U10228/Y (NAND3X0_HVT)                   0.07       2.39 f
  U10489/Y (NAND2X0_HVT)                   0.07       2.46 r
  U10487/Y (AND2X1_HVT)                    0.08       2.54 r
  U10209/Y (AND2X1_HVT)                    0.12       2.66 r
  U10344/Y (OA21X1_HVT)                    0.12       2.77 r
  U10342/Y (OA22X1_HVT)                    0.11       2.88 r
  U10341/Y (AND3X1_HVT)                    0.12       3.00 r
  U11287/Y (OA21X1_HVT)                    0.10       3.10 r
  res4_comp_reg_0_/D (DFFX1_HVT)           0.00       3.10 r
  data arrival time                                   3.10

  clock clk (rise edge)                    3.20       3.20
  clock network delay (ideal)              0.00       3.20
  res4_comp_reg_0_/CLK (DFFX1_HVT)         0.00       3.20 r
  library setup time                      -0.09       3.11
  data required time                                  3.11
  -----------------------------------------------------------
  data required time                                  3.11
  data arrival time                                  -3.10
  -----------------------------------------------------------
  slack (MET)                                         0.00


  Startpoint: part_reg_reg_3__0_
              (rising edge-triggered flip-flop clocked by clk)
  Endpoint: res4_comp_reg_1_
            (rising edge-triggered flip-flop clocked by clk)
  Path Group: clk
  Path Type: max

  Des/Clust/Port     Wire Load Model       Library
  ------------------------------------------------
  worker             140000                saed32hvt_ss0p95v125c

  Point                                    Incr       Path
  -----------------------------------------------------------
  clock clk (rise edge)                    0.00       0.00
  clock network delay (ideal)              0.00       0.00
  part_reg_reg_3__0_/CLK (DFFX1_HVT)       0.00 #     0.00 r
  part_reg_reg_3__0_/Q (DFFX1_HVT)         0.22       0.22 f
  U10506/Y (NAND2X0_HVT)                   0.05       0.27 r
  U10505/Y (AO21X1_HVT)                    0.07       0.34 r
  U10234/Y (AND2X1_HVT)                    0.07       0.41 r
  U10994/Y (OA22X1_HVT)                    0.09       0.50 r
  U10995/Y (NAND2X0_HVT)                   0.05       0.55 f
  U10233/Y (NAND2X0_HVT)                   0.05       0.60 r
  U10232/Y (AND2X1_HVT)                    0.08       0.68 r
  U10313/Y (AO21X1_HVT)                    0.11       0.79 r
  U10224/Y (MUX21X1_HVT)                   0.17       0.96 f
  U11020/Y (INVX0_HVT)                     0.05       1.00 r
  U11025/Y (OA21X1_HVT)                    0.10       1.10 r
  U10239/Y (OA22X1_HVT)                    0.09       1.19 r
  U10238/Y (NAND2X0_HVT)                   0.05       1.24 f
  U11039/Y (NAND2X0_HVT)                   0.05       1.30 r
  U10307/Y (NAND2X4_HVT)                   0.13       1.43 f
  U11053/Y (MUX21X1_HVT)                   0.14       1.56 r
  U11054/Y (OR2X1_HVT)                     0.08       1.64 r
  U11060/Y (AO22X1_HVT)                    0.09       1.73 r
  U11067/Y (NAND2X0_HVT)                   0.05       1.78 f
  U11071/Y (NAND2X0_HVT)                   0.05       1.83 r
  U11094/Y (AO21X1_HVT)                    0.11       1.95 r
  U10312/Y (NAND2X2_HVT)                   0.14       2.09 f
  U11266/Y (MUX21X1_HVT)                   0.15       2.25 r
  U10231/Y (INVX1_HVT)                     0.04       2.28 f
  U10491/Y (NAND2X0_HVT)                   0.05       2.33 r
  U10228/Y (NAND3X0_HVT)                   0.07       2.39 f
  U10489/Y (NAND2X0_HVT)                   0.07       2.46 r
  U10487/Y (AND2X1_HVT)                    0.08       2.54 r
  U10209/Y (AND2X1_HVT)                    0.12       2.66 r
  U10344/Y (OA21X1_HVT)                    0.12       2.77 r
  U10342/Y (OA22X1_HVT)                    0.11       2.88 r
  U10341/Y (AND3X1_HVT)                    0.12       3.00 r
  U15321/Y (OA21X1_HVT)                    0.10       3.10 r
  res4_comp_reg_1_/D (DFFX1_HVT)           0.00       3.10 r
  data arrival time                                   3.10

  clock clk (rise edge)                    3.20       3.20
  clock network delay (ideal)              0.00       3.20
  res4_comp_reg_1_/CLK (DFFX1_HVT)         0.00       3.20 r
  library setup time                      -0.09       3.11
  data required time                                  3.11
  -----------------------------------------------------------
  data required time                                  3.11
  data arrival time                                  -3.10
  -----------------------------------------------------------
  slack (MET)                                         0.01


  Startpoint: part_reg_reg_3__0_
              (rising edge-triggered flip-flop clocked by clk)
  Endpoint: res4_comp_reg_3_
            (rising edge-triggered flip-flop clocked by clk)
  Path Group: clk
  Path Type: max

  Des/Clust/Port     Wire Load Model       Library
  ------------------------------------------------
  worker             140000                saed32hvt_ss0p95v125c

  Point                                    Incr       Path
  -----------------------------------------------------------
  clock clk (rise edge)                    0.00       0.00
  clock network delay (ideal)              0.00       0.00
  part_reg_reg_3__0_/CLK (DFFX1_HVT)       0.00 #     0.00 r
  part_reg_reg_3__0_/Q (DFFX1_HVT)         0.22       0.22 f
  U10506/Y (NAND2X0_HVT)                   0.05       0.27 r
  U10505/Y (AO21X1_HVT)                    0.07       0.34 r
  U10234/Y (AND2X1_HVT)                    0.07       0.41 r
  U10994/Y (OA22X1_HVT)                    0.09       0.50 r
  U10995/Y (NAND2X0_HVT)                   0.05       0.55 f
  U10233/Y (NAND2X0_HVT)                   0.05       0.60 r
  U10232/Y (AND2X1_HVT)                    0.08       0.68 r
  U10313/Y (AO21X1_HVT)                    0.11       0.79 r
  U10224/Y (MUX21X1_HVT)                   0.17       0.96 f
  U11020/Y (INVX0_HVT)                     0.05       1.00 r
  U11025/Y (OA21X1_HVT)                    0.10       1.10 r
  U10239/Y (OA22X1_HVT)                    0.09       1.19 r
  U10238/Y (NAND2X0_HVT)                   0.05       1.24 f
  U11039/Y (NAND2X0_HVT)                   0.05       1.30 r
  U10307/Y (NAND2X4_HVT)                   0.13       1.43 f
  U11053/Y (MUX21X1_HVT)                   0.14       1.56 r
  U11054/Y (OR2X1_HVT)                     0.08       1.64 r
  U11060/Y (AO22X1_HVT)                    0.09       1.73 r
  U11067/Y (NAND2X0_HVT)                   0.05       1.78 f
  U11071/Y (NAND2X0_HVT)                   0.05       1.83 r
  U11094/Y (AO21X1_HVT)                    0.11       1.95 r
  U10312/Y (NAND2X2_HVT)                   0.14       2.09 f
  U11266/Y (MUX21X1_HVT)                   0.15       2.25 r
  U10231/Y (INVX1_HVT)                     0.04       2.28 f
  U10491/Y (NAND2X0_HVT)                   0.05       2.33 r
  U10228/Y (NAND3X0_HVT)                   0.07       2.39 f
  U10489/Y (NAND2X0_HVT)                   0.07       2.46 r
  U10487/Y (AND2X1_HVT)                    0.08       2.54 r
  U10209/Y (AND2X1_HVT)                    0.12       2.66 r
  U10344/Y (OA21X1_HVT)                    0.12       2.77 r
  U10342/Y (OA22X1_HVT)                    0.11       2.88 r
  U10341/Y (AND3X1_HVT)                    0.12       3.00 r
  U15322/Y (OA21X1_HVT)                    0.10       3.10 r
  res4_comp_reg_3_/D (DFFX1_HVT)           0.00       3.10 r
  data arrival time                                   3.10

  clock clk (rise edge)                    3.20       3.20
  clock network delay (ideal)              0.00       3.20
  res4_comp_reg_3_/CLK (DFFX1_HVT)         0.00       3.20 r
  library setup time                      -0.09       3.11
  data required time                                  3.11
  -----------------------------------------------------------
  data required time                                  3.11
  data arrival time                                  -3.10
  -----------------------------------------------------------
  slack (MET)                                         0.01


  Startpoint: part_reg_reg_3__0_
              (rising edge-triggered flip-flop clocked by clk)
  Endpoint: res4_comp_reg_2_
            (rising edge-triggered flip-flop clocked by clk)
  Path Group: clk
  Path Type: max

  Des/Clust/Port     Wire Load Model       Library
  ------------------------------------------------
  worker             140000                saed32hvt_ss0p95v125c

  Point                                    Incr       Path
  -----------------------------------------------------------
  clock clk (rise edge)                    0.00       0.00
  clock network delay (ideal)              0.00       0.00
  part_reg_reg_3__0_/CLK (DFFX1_HVT)       0.00 #     0.00 r
  part_reg_reg_3__0_/Q (DFFX1_HVT)         0.22       0.22 f
  U10506/Y (NAND2X0_HVT)                   0.05       0.27 r
  U10505/Y (AO21X1_HVT)                    0.07       0.34 r
  U10234/Y (AND2X1_HVT)                    0.07       0.41 r
  U10994/Y (OA22X1_HVT)                    0.09       0.50 r
  U10995/Y (NAND2X0_HVT)                   0.05       0.55 f
  U10233/Y (NAND2X0_HVT)                   0.05       0.60 r
  U10232/Y (AND2X1_HVT)                    0.08       0.68 r
  U10313/Y (AO21X1_HVT)                    0.11       0.79 r
  U10224/Y (MUX21X1_HVT)                   0.17       0.96 f
  U11020/Y (INVX0_HVT)                     0.05       1.00 r
  U11025/Y (OA21X1_HVT)                    0.10       1.10 r
  U10239/Y (OA22X1_HVT)                    0.09       1.19 r
  U10238/Y (NAND2X0_HVT)                   0.05       1.24 f
  U11039/Y (NAND2X0_HVT)                   0.05       1.30 r
  U10307/Y (NAND2X4_HVT)                   0.13       1.43 f
  U11053/Y (MUX21X1_HVT)                   0.14       1.56 r
  U11054/Y (OR2X1_HVT)                     0.08       1.64 r
  U11060/Y (AO22X1_HVT)                    0.09       1.73 r
  U11067/Y (NAND2X0_HVT)                   0.05       1.78 f
  U11071/Y (NAND2X0_HVT)                   0.05       1.83 r
  U11094/Y (AO21X1_HVT)                    0.11       1.95 r
  U10312/Y (NAND2X2_HVT)                   0.14       2.09 f
  U11266/Y (MUX21X1_HVT)                   0.15       2.25 r
  U10231/Y (INVX1_HVT)                     0.04       2.28 f
  U10491/Y (NAND2X0_HVT)                   0.05       2.33 r
  U10228/Y (NAND3X0_HVT)                   0.07       2.39 f
  U10489/Y (NAND2X0_HVT)                   0.07       2.46 r
  U10487/Y (AND2X1_HVT)                    0.08       2.54 r
  U10209/Y (AND2X1_HVT)                    0.12       2.66 r
  U10344/Y (OA21X1_HVT)                    0.12       2.77 r
  U10342/Y (OA22X1_HVT)                    0.11       2.88 r
  U10341/Y (AND3X1_HVT)                    0.12       3.00 r
  U10340/Y (OA21X1_HVT)                    0.10       3.10 r
  res4_comp_reg_2_/D (DFFX1_HVT)           0.00       3.10 r
  data arrival time                                   3.10

  clock clk (rise edge)                    3.20       3.20
  clock network delay (ideal)              0.00       3.20
  res4_comp_reg_2_/CLK (DFFX1_HVT)         0.00       3.20 r
  library setup time                      -0.09       3.11
  data required time                                  3.11
  -----------------------------------------------------------
  data required time                                  3.11
  data arrival time                                  -3.10
  -----------------------------------------------------------
  slack (MET)                                         0.01


1
