 
****************************************
Report : timing
        -path full
        -delay max
        -max_paths 1
Design : worker
Version: O-2018.06
Date   : Fri Jan 10 04:19:59 2020
****************************************

 # A fanout number of 1000 was used for high fanout net computations.

Operating Conditions: ss0p95v125c   Library: saed32hvt_ss0p95v125c
Wire Load Model Mode: enclosed

  Startpoint: rst_n (input port clocked by clk)
  Endpoint: clk_gate_next_waddr_reg/latch
            (positive level-sensitive latch clocked by clk')
  Path Group: clk
  Path Type: max

  Des/Clust/Port     Wire Load Model       Library
  ------------------------------------------------
  worker             140000                saed32hvt_ss0p95v125c

  Point                                                   Incr       Path
  --------------------------------------------------------------------------
  clock clk (rise edge)                                 0.0000     0.0000
  clock network delay (ideal)                           0.0000     0.0000
  input external delay                                  2.4000     2.4000 r
  rst_n (in)                                            0.0000     2.4000 r
  U16190/Y (NAND2X0_HVT)                                0.0381     2.4381 f
  clk_gate_next_waddr_reg/EN (SNPS_CLOCK_GATE_HIGH_worker_mydesign_0)
                                                        0.0000     2.4381 f
  clk_gate_next_waddr_reg/latch/D (LATCHX1_HVT)         0.0000     2.4381 f
  data arrival time                                                2.4381

  clock clk' (rise edge)                                1.5000     1.5000
  clock network delay (ideal)                           0.0000     1.5000
  clk_gate_next_waddr_reg/latch/CLK (LATCHX1_HVT)       0.0000     1.5000 r
  time borrowed from endpoint                           0.9381     2.4381
  data required time                                               2.4381
  --------------------------------------------------------------------------
  data required time                                               2.4381
  data arrival time                                               -2.4381
  --------------------------------------------------------------------------
  slack (MET)                                                      0.0000

  Time Borrowing Information
  --------------------------------------------------------------
  clk' nominal pulse width                              1.5000   
  library setup time                                   -0.0910   
  --------------------------------------------------------------
  max time borrow                                       1.4090   
  actual time borrow                                    0.9381   
  --------------------------------------------------------------


1
