 
****************************************
Report : timing
        -path full
        -delay min
        -max_paths 4
Design : worker
Version: O-2018.06
Date   : Sun Jan 12 21:07:02 2020
****************************************

 # A fanout number of 1000 was used for high fanout net computations.

Operating Conditions: ss0p95v125c   Library: saed32hvt_ss0p95v125c
Wire Load Model Mode: enclosed

  Startpoint: clk_gate_next_waddr_reg/latch
              (positive level-sensitive latch clocked by clk')
  Endpoint: clk_gate_next_waddr_reg/main_gate
            (gating element for clock clk)
  Path Group: clk
  Path Type: min

  Des/Clust/Port     Wire Load Model       Library
  ------------------------------------------------
  SNPS_CLOCK_GATE_HIGH_worker_mydesign_0
                     ForQA                 saed32hvt_ss0p95v125c

  Point                                                   Incr       Path
  --------------------------------------------------------------------------
  clock clk' (rise edge)                                  1.50       1.50
  clock network delay (ideal)                             0.00       1.50
  clk_gate_next_waddr_reg/latch/CLK (LATCHX1_HVT)         0.00       1.50 r
  clk_gate_next_waddr_reg/latch/Q (LATCHX1_HVT)           0.11       1.61 f
  clk_gate_next_waddr_reg/main_gate/A1 (AND2X1_HVT)       0.00       1.61 f
  data arrival time                                                  1.61

  clock clk (fall edge)                                   1.50       1.50
  clock network delay (ideal)                             0.00       1.50
  clk_gate_next_waddr_reg/main_gate/A2 (AND2X1_HVT)       0.00       1.50 f
  clock gating hold time                                  0.00       1.50
  data required time                                                 1.50
  --------------------------------------------------------------------------
  data required time                                                 1.50
  data arrival time                                                 -1.61
  --------------------------------------------------------------------------
  slack (MET)                                                        0.11


  Startpoint: clk_gate_proposal_cnt_reg_0_/latch
              (positive level-sensitive latch clocked by clk')
  Endpoint: clk_gate_proposal_cnt_reg_0_/main_gate
            (gating element for clock clk)
  Path Group: clk
  Path Type: min

  Des/Clust/Port     Wire Load Model       Library
  ------------------------------------------------
  SNPS_CLOCK_GATE_HIGH_worker_mydesign_16
                     ForQA                 saed32hvt_ss0p95v125c

  Point                                                   Incr       Path
  --------------------------------------------------------------------------
  clock clk' (rise edge)                                  1.50       1.50
  clock network delay (ideal)                             0.00       1.50
  clk_gate_proposal_cnt_reg_0_/latch/CLK (LATCHX1_HVT)
                                                          0.00       1.50 r
  clk_gate_proposal_cnt_reg_0_/latch/Q (LATCHX1_HVT)      0.11       1.61 f
  clk_gate_proposal_cnt_reg_0_/main_gate/A1 (AND2X1_HVT)
                                                          0.00       1.61 f
  data arrival time                                                  1.61

  clock clk (fall edge)                                   1.50       1.50
  clock network delay (ideal)                             0.00       1.50
  clk_gate_proposal_cnt_reg_0_/main_gate/A2 (AND2X1_HVT)
                                                          0.00       1.50 f
  clock gating hold time                                  0.00       1.50
  data required time                                                 1.50
  --------------------------------------------------------------------------
  data required time                                                 1.50
  data arrival time                                                 -1.61
  --------------------------------------------------------------------------
  slack (MET)                                                        0.11


  Startpoint: clk_gate_proposal_cnt_reg_1_/latch
              (positive level-sensitive latch clocked by clk')
  Endpoint: clk_gate_proposal_cnt_reg_1_/main_gate
            (gating element for clock clk)
  Path Group: clk
  Path Type: min

  Des/Clust/Port     Wire Load Model       Library
  ------------------------------------------------
  SNPS_CLOCK_GATE_HIGH_worker_mydesign_15
                     ForQA                 saed32hvt_ss0p95v125c

  Point                                                   Incr       Path
  --------------------------------------------------------------------------
  clock clk' (rise edge)                                  1.50       1.50
  clock network delay (ideal)                             0.00       1.50
  clk_gate_proposal_cnt_reg_1_/latch/CLK (LATCHX1_HVT)
                                                          0.00       1.50 r
  clk_gate_proposal_cnt_reg_1_/latch/Q (LATCHX1_HVT)      0.11       1.61 f
  clk_gate_proposal_cnt_reg_1_/main_gate/A1 (AND2X1_HVT)
                                                          0.00       1.61 f
  data arrival time                                                  1.61

  clock clk (fall edge)                                   1.50       1.50
  clock network delay (ideal)                             0.00       1.50
  clk_gate_proposal_cnt_reg_1_/main_gate/A2 (AND2X1_HVT)
                                                          0.00       1.50 f
  clock gating hold time                                  0.00       1.50
  data required time                                                 1.50
  --------------------------------------------------------------------------
  data required time                                                 1.50
  data arrival time                                                 -1.61
  --------------------------------------------------------------------------
  slack (MET)                                                        0.11


  Startpoint: clk_gate_proposal_cnt_reg_2_/latch
              (positive level-sensitive latch clocked by clk')
  Endpoint: clk_gate_proposal_cnt_reg_2_/main_gate
            (gating element for clock clk)
  Path Group: clk
  Path Type: min

  Des/Clust/Port     Wire Load Model       Library
  ------------------------------------------------
  SNPS_CLOCK_GATE_HIGH_worker_mydesign_14
                     ForQA                 saed32hvt_ss0p95v125c

  Point                                                   Incr       Path
  --------------------------------------------------------------------------
  clock clk' (rise edge)                                  1.50       1.50
  clock network delay (ideal)                             0.00       1.50
  clk_gate_proposal_cnt_reg_2_/latch/CLK (LATCHX1_HVT)
                                                          0.00       1.50 r
  clk_gate_proposal_cnt_reg_2_/latch/Q (LATCHX1_HVT)      0.11       1.61 f
  clk_gate_proposal_cnt_reg_2_/main_gate/A1 (AND2X1_HVT)
                                                          0.00       1.61 f
  data arrival time                                                  1.61

  clock clk (fall edge)                                   1.50       1.50
  clock network delay (ideal)                             0.00       1.50
  clk_gate_proposal_cnt_reg_2_/main_gate/A2 (AND2X1_HVT)
                                                          0.00       1.50 f
  clock gating hold time                                  0.00       1.50
  data required time                                                 1.50
  --------------------------------------------------------------------------
  data required time                                                 1.50
  data arrival time                                                 -1.61
  --------------------------------------------------------------------------
  slack (MET)                                                        0.11


1
