 
****************************************
Report : timing
        -path full
        -delay max
        -max_paths 4
Design : worker
Version: O-2018.06
Date   : Sun Jan 12 20:15:02 2020
****************************************

 # A fanout number of 1000 was used for high fanout net computations.

Operating Conditions: ss0p95v125c   Library: saed32hvt_ss0p95v125c
Wire Load Model Mode: enclosed

  Startpoint: part_reg_reg_3__1_
              (rising edge-triggered flip-flop clocked by clk)
  Endpoint: res4_comp_reg_1_
            (rising edge-triggered flip-flop clocked by clk)
  Path Group: clk
  Path Type: max

  Des/Clust/Port     Wire Load Model       Library
  ------------------------------------------------
  worker             140000                saed32hvt_ss0p95v125c

  Point                                    Incr       Path
  -----------------------------------------------------------
  clock clk (rise edge)                    0.00       0.00
  clock network delay (ideal)              0.00       0.00
  part_reg_reg_3__1_/CLK (DFFX1_HVT)       0.00 #     0.00 r
  part_reg_reg_3__1_/Q (DFFX1_HVT)         0.21       0.21 r
  U11032/Y (OA22X1_HVT)                    0.12       0.33 r
  U11034/Y (NAND2X0_HVT)                   0.05       0.38 f
  U11035/Y (NAND2X0_HVT)                   0.05       0.43 r
  U11037/Y (AO22X1_HVT)                    0.09       0.52 r
  U11039/Y (AO22X1_HVT)                    0.09       0.61 r
  U11042/Y (NAND3X0_HVT)                   0.07       0.68 f
  U10221/Y (NAND2X1_HVT)                   0.16       0.84 r
  U10270/Y (MUX21X1_HVT)                   0.16       1.00 r
  U11081/Y (NAND2X0_HVT)                   0.07       1.07 f
  U10347/Y (NAND2X0_HVT)                   0.06       1.14 r
  U10350/Y (NAND3X0_HVT)                   0.08       1.22 f
  U11082/Y (OA22X1_HVT)                    0.10       1.32 f
  U11084/Y (AO21X1_HVT)                    0.10       1.42 f
  U10261/Y (AND2X1_HVT)                    0.12       1.54 f
  U10259/Y (MUX21X1_HVT)                   0.17       1.71 f
  U10289/Y (OR2X1_HVT)                     0.09       1.81 f
  U10288/Y (NAND2X0_HVT)                   0.04       1.85 r
  U10287/Y (NAND2X0_HVT)                   0.05       1.90 f
  U11180/Y (NAND2X0_HVT)                   0.05       1.96 r
  U10446/Y (NAND2X0_HVT)                   0.05       2.01 f
  U10445/Y (NAND2X0_HVT)                   0.06       2.07 r
  U10333/Y (AO21X1_HVT)                    0.09       2.16 r
  U10332/Y (NAND2X0_HVT)                   0.09       2.25 f
  U10334/Y (NAND2X0_HVT)                   0.08       2.33 r
  U10443/Y (NAND2X0_HVT)                   0.08       2.41 f
  U11182/Y (NAND2X0_HVT)                   0.08       2.49 r
  U11186/Y (NAND3X0_HVT)                   0.08       2.57 f
  U10223/Y (NAND3X0_HVT)                   0.06       2.63 r
  U11223/Y (OA21X1_HVT)                    0.12       2.74 r
  U10305/Y (NAND2X0_HVT)                   0.08       2.82 f
  U10439/Y (INVX0_HVT)                     0.05       2.87 r
  U10225/Y (NAND2X0_HVT)                   0.08       2.95 f
  U10224/Y (INVX1_HVT)                     0.05       3.00 r
  U10303/Y (NAND2X0_HVT)                   0.06       3.06 f
  U10300/Y (NAND3X0_HVT)                   0.05       3.11 r
  res4_comp_reg_1_/D (DFFX1_HVT)           0.00       3.11 r
  data arrival time                                   3.11

  clock clk (rise edge)                    3.20       3.20
  clock network delay (ideal)              0.00       3.20
  res4_comp_reg_1_/CLK (DFFX1_HVT)         0.00       3.20 r
  library setup time                      -0.09       3.11
  data required time                                  3.11
  -----------------------------------------------------------
  data required time                                  3.11
  data arrival time                                  -3.11
  -----------------------------------------------------------
  slack (MET)                                         0.00


  Startpoint: part_reg_reg_3__1_
              (rising edge-triggered flip-flop clocked by clk)
  Endpoint: res4_comp_reg_0_
            (rising edge-triggered flip-flop clocked by clk)
  Path Group: clk
  Path Type: max

  Des/Clust/Port     Wire Load Model       Library
  ------------------------------------------------
  worker             140000                saed32hvt_ss0p95v125c

  Point                                    Incr       Path
  -----------------------------------------------------------
  clock clk (rise edge)                    0.00       0.00
  clock network delay (ideal)              0.00       0.00
  part_reg_reg_3__1_/CLK (DFFX1_HVT)       0.00 #     0.00 r
  part_reg_reg_3__1_/Q (DFFX1_HVT)         0.21       0.21 r
  U11032/Y (OA22X1_HVT)                    0.12       0.33 r
  U11034/Y (NAND2X0_HVT)                   0.05       0.38 f
  U11035/Y (NAND2X0_HVT)                   0.05       0.43 r
  U11037/Y (AO22X1_HVT)                    0.09       0.52 r
  U11039/Y (AO22X1_HVT)                    0.09       0.61 r
  U11042/Y (NAND3X0_HVT)                   0.07       0.68 f
  U10221/Y (NAND2X1_HVT)                   0.16       0.84 r
  U10270/Y (MUX21X1_HVT)                   0.16       1.00 r
  U11081/Y (NAND2X0_HVT)                   0.07       1.07 f
  U10347/Y (NAND2X0_HVT)                   0.06       1.14 r
  U10350/Y (NAND3X0_HVT)                   0.08       1.22 f
  U11082/Y (OA22X1_HVT)                    0.10       1.32 f
  U11084/Y (AO21X1_HVT)                    0.10       1.42 f
  U10261/Y (AND2X1_HVT)                    0.12       1.54 f
  U10259/Y (MUX21X1_HVT)                   0.17       1.71 f
  U10289/Y (OR2X1_HVT)                     0.09       1.81 f
  U10288/Y (NAND2X0_HVT)                   0.04       1.85 r
  U10287/Y (NAND2X0_HVT)                   0.05       1.90 f
  U11180/Y (NAND2X0_HVT)                   0.05       1.96 r
  U10446/Y (NAND2X0_HVT)                   0.05       2.01 f
  U10445/Y (NAND2X0_HVT)                   0.06       2.07 r
  U10333/Y (AO21X1_HVT)                    0.09       2.16 r
  U10332/Y (NAND2X0_HVT)                   0.09       2.25 f
  U10334/Y (NAND2X0_HVT)                   0.08       2.33 r
  U10443/Y (NAND2X0_HVT)                   0.08       2.41 f
  U11182/Y (NAND2X0_HVT)                   0.08       2.49 r
  U11186/Y (NAND3X0_HVT)                   0.08       2.57 f
  U10223/Y (NAND3X0_HVT)                   0.06       2.63 r
  U11223/Y (OA21X1_HVT)                    0.12       2.74 r
  U10305/Y (NAND2X0_HVT)                   0.08       2.82 f
  U10439/Y (INVX0_HVT)                     0.05       2.87 r
  U10225/Y (NAND2X0_HVT)                   0.08       2.95 f
  U11252/Y (OA22X1_HVT)                    0.11       3.06 f
  U10447/Y (NAND2X0_HVT)                   0.05       3.11 r
  res4_comp_reg_0_/D (DFFX1_HVT)           0.00       3.11 r
  data arrival time                                   3.11

  clock clk (rise edge)                    3.20       3.20
  clock network delay (ideal)              0.00       3.20
  res4_comp_reg_0_/CLK (DFFX1_HVT)         0.00       3.20 r
  library setup time                      -0.09       3.11
  data required time                                  3.11
  -----------------------------------------------------------
  data required time                                  3.11
  data arrival time                                  -3.11
  -----------------------------------------------------------
  slack (MET)                                         0.00


  Startpoint: part_reg_reg_3__1_
              (rising edge-triggered flip-flop clocked by clk)
  Endpoint: res4_comp_reg_2_
            (rising edge-triggered flip-flop clocked by clk)
  Path Group: clk
  Path Type: max

  Des/Clust/Port     Wire Load Model       Library
  ------------------------------------------------
  worker             140000                saed32hvt_ss0p95v125c

  Point                                    Incr       Path
  -----------------------------------------------------------
  clock clk (rise edge)                    0.00       0.00
  clock network delay (ideal)              0.00       0.00
  part_reg_reg_3__1_/CLK (DFFX1_HVT)       0.00 #     0.00 r
  part_reg_reg_3__1_/Q (DFFX1_HVT)         0.21       0.21 r
  U11032/Y (OA22X1_HVT)                    0.12       0.33 r
  U11034/Y (NAND2X0_HVT)                   0.05       0.38 f
  U11035/Y (NAND2X0_HVT)                   0.05       0.43 r
  U11037/Y (AO22X1_HVT)                    0.09       0.52 r
  U11039/Y (AO22X1_HVT)                    0.09       0.61 r
  U11042/Y (NAND3X0_HVT)                   0.07       0.68 f
  U10221/Y (NAND2X1_HVT)                   0.16       0.84 r
  U10270/Y (MUX21X1_HVT)                   0.16       1.00 r
  U11081/Y (NAND2X0_HVT)                   0.07       1.07 f
  U10347/Y (NAND2X0_HVT)                   0.06       1.14 r
  U10350/Y (NAND3X0_HVT)                   0.08       1.22 f
  U11082/Y (OA22X1_HVT)                    0.10       1.32 f
  U11084/Y (AO21X1_HVT)                    0.10       1.42 f
  U10261/Y (AND2X1_HVT)                    0.12       1.54 f
  U10259/Y (MUX21X1_HVT)                   0.17       1.71 f
  U10289/Y (OR2X1_HVT)                     0.09       1.81 f
  U10288/Y (NAND2X0_HVT)                   0.04       1.85 r
  U10287/Y (NAND2X0_HVT)                   0.05       1.90 f
  U11180/Y (NAND2X0_HVT)                   0.05       1.96 r
  U10446/Y (NAND2X0_HVT)                   0.05       2.01 f
  U10445/Y (NAND2X0_HVT)                   0.06       2.07 r
  U10333/Y (AO21X1_HVT)                    0.09       2.16 r
  U10332/Y (NAND2X0_HVT)                   0.09       2.25 f
  U10334/Y (NAND2X0_HVT)                   0.08       2.33 r
  U10443/Y (NAND2X0_HVT)                   0.08       2.41 f
  U11182/Y (NAND2X0_HVT)                   0.08       2.49 r
  U11186/Y (NAND3X0_HVT)                   0.08       2.57 f
  U10223/Y (NAND3X0_HVT)                   0.06       2.63 r
  U11223/Y (OA21X1_HVT)                    0.12       2.74 r
  U10305/Y (NAND2X0_HVT)                   0.08       2.82 f
  U10439/Y (INVX0_HVT)                     0.05       2.87 r
  U10225/Y (NAND2X0_HVT)                   0.08       2.95 f
  U11228/Y (OA22X1_HVT)                    0.11       3.06 f
  U11242/Y (NAND2X0_HVT)                   0.05       3.11 r
  res4_comp_reg_2_/D (DFFX1_HVT)           0.00       3.11 r
  data arrival time                                   3.11

  clock clk (rise edge)                    3.20       3.20
  clock network delay (ideal)              0.00       3.20
  res4_comp_reg_2_/CLK (DFFX1_HVT)         0.00       3.20 r
  library setup time                      -0.09       3.11
  data required time                                  3.11
  -----------------------------------------------------------
  data required time                                  3.11
  data arrival time                                  -3.11
  -----------------------------------------------------------
  slack (MET)                                         0.00


  Startpoint: part_reg_reg_3__1_
              (rising edge-triggered flip-flop clocked by clk)
  Endpoint: res4_comp_reg_3_
            (rising edge-triggered flip-flop clocked by clk)
  Path Group: clk
  Path Type: max

  Des/Clust/Port     Wire Load Model       Library
  ------------------------------------------------
  worker             140000                saed32hvt_ss0p95v125c

  Point                                    Incr       Path
  -----------------------------------------------------------
  clock clk (rise edge)                    0.00       0.00
  clock network delay (ideal)              0.00       0.00
  part_reg_reg_3__1_/CLK (DFFX1_HVT)       0.00 #     0.00 r
  part_reg_reg_3__1_/Q (DFFX1_HVT)         0.21       0.21 r
  U11032/Y (OA22X1_HVT)                    0.12       0.33 r
  U11034/Y (NAND2X0_HVT)                   0.05       0.38 f
  U11035/Y (NAND2X0_HVT)                   0.05       0.43 r
  U11037/Y (AO22X1_HVT)                    0.09       0.52 r
  U11039/Y (AO22X1_HVT)                    0.09       0.61 r
  U11042/Y (NAND3X0_HVT)                   0.07       0.68 f
  U10221/Y (NAND2X1_HVT)                   0.16       0.84 r
  U10270/Y (MUX21X1_HVT)                   0.16       1.00 r
  U11081/Y (NAND2X0_HVT)                   0.07       1.07 f
  U10347/Y (NAND2X0_HVT)                   0.06       1.14 r
  U10350/Y (NAND3X0_HVT)                   0.08       1.22 f
  U11082/Y (OA22X1_HVT)                    0.10       1.32 f
  U11084/Y (AO21X1_HVT)                    0.10       1.42 f
  U10261/Y (AND2X1_HVT)                    0.12       1.54 f
  U10259/Y (MUX21X1_HVT)                   0.17       1.71 f
  U10289/Y (OR2X1_HVT)                     0.09       1.81 f
  U10288/Y (NAND2X0_HVT)                   0.04       1.85 r
  U10287/Y (NAND2X0_HVT)                   0.05       1.90 f
  U11180/Y (NAND2X0_HVT)                   0.05       1.96 r
  U10446/Y (NAND2X0_HVT)                   0.05       2.01 f
  U10445/Y (NAND2X0_HVT)                   0.06       2.07 r
  U10333/Y (AO21X1_HVT)                    0.09       2.16 r
  U10332/Y (NAND2X0_HVT)                   0.09       2.25 f
  U10334/Y (NAND2X0_HVT)                   0.08       2.33 r
  U10443/Y (NAND2X0_HVT)                   0.08       2.41 f
  U11182/Y (NAND2X0_HVT)                   0.08       2.49 r
  U11186/Y (NAND3X0_HVT)                   0.08       2.57 f
  U10223/Y (NAND3X0_HVT)                   0.06       2.63 r
  U11223/Y (OA21X1_HVT)                    0.12       2.74 r
  U10305/Y (NAND2X0_HVT)                   0.08       2.82 f
  U10439/Y (INVX0_HVT)                     0.05       2.87 r
  U10225/Y (NAND2X0_HVT)                   0.08       2.95 f
  U10224/Y (INVX1_HVT)                     0.05       3.00 r
  res4_comp_reg_3_/D (DFFX1_HVT)           0.00       3.00 r
  data arrival time                                   3.00

  clock clk (rise edge)                    3.20       3.20
  clock network delay (ideal)              0.00       3.20
  res4_comp_reg_3_/CLK (DFFX1_HVT)         0.00       3.20 r
  library setup time                      -0.10       3.10
  data required time                                  3.10
  -----------------------------------------------------------
  data required time                                  3.10
  data arrival time                                  -3.00
  -----------------------------------------------------------
  slack (MET)                                         0.10


1
