 
****************************************
Report : constraint
        -all_violators
Design : worker
Version: O-2018.06
Date   : Sun Jan 12 20:15:06 2020
****************************************


   max_fanout

                             Required        Actual
   Net                        Fanout         Fanout          Slack
   -----------------------------------------------------------------
   n13008                       2.46           2.49          -0.03  (VIOLATED)

   -----------------------------------------------------------------
   Total                      1                  -0.03  

   max_area

                             Required        Actual
   Design                      Area           Area           Slack
   -----------------------------------------------------------------
   worker                       0.00       127166.60      -127166.60
                                                                    (VIOLATED)


1
