Information: Propagating switching activity (low effort zero delay simulation). (PWR-6)
Warning: Design has unannotated primary inputs. (PWR-414)
Warning: Design has unannotated sequential cell outputs. (PWR-415)
 
****************************************
Report : power
        -hier
        -analysis_effort low
Design : worker
Version: O-2018.06
Date   : Sun Jan 12 20:00:05 2020
****************************************


Library(s) Used:

    saed32hvt_ss0p95v125c (File: /usr/cadtool/SAED32_EDK/lib/stdcell_hvt/db_nldm/saed32hvt_ss0p95v125c.db)


Operating Conditions: ss0p95v125c   Library: saed32hvt_ss0p95v125c
Wire Load Model Mode: enclosed

Design        Wire Load Model            Library
------------------------------------------------
worker                 140000            saed32hvt_ss0p95v125c
SNPS_CLOCK_GATE_HIGH_worker_mydesign_0
                       ForQA             saed32hvt_ss0p95v125c
SNPS_CLOCK_GATE_HIGH_worker_mydesign_1
                       ForQA             saed32hvt_ss0p95v125c
SNPS_CLOCK_GATE_HIGH_worker_mydesign_2
                       ForQA             saed32hvt_ss0p95v125c
SNPS_CLOCK_GATE_HIGH_worker_mydesign_3
                       ForQA             saed32hvt_ss0p95v125c
SNPS_CLOCK_GATE_HIGH_worker_mydesign_4
                       ForQA             saed32hvt_ss0p95v125c
SNPS_CLOCK_GATE_HIGH_worker_mydesign_5
                       ForQA             saed32hvt_ss0p95v125c
SNPS_CLOCK_GATE_HIGH_worker_mydesign_6
                       ForQA             saed32hvt_ss0p95v125c
SNPS_CLOCK_GATE_HIGH_worker_mydesign_7
                       ForQA             saed32hvt_ss0p95v125c
SNPS_CLOCK_GATE_HIGH_worker_mydesign_8
                       ForQA             saed32hvt_ss0p95v125c
SNPS_CLOCK_GATE_HIGH_worker_mydesign_9
                       ForQA             saed32hvt_ss0p95v125c
SNPS_CLOCK_GATE_HIGH_worker_mydesign_10
                       ForQA             saed32hvt_ss0p95v125c
SNPS_CLOCK_GATE_HIGH_worker_mydesign_11
                       ForQA             saed32hvt_ss0p95v125c
SNPS_CLOCK_GATE_HIGH_worker_mydesign_12
                       ForQA             saed32hvt_ss0p95v125c
SNPS_CLOCK_GATE_HIGH_worker_mydesign_13
                       ForQA             saed32hvt_ss0p95v125c
SNPS_CLOCK_GATE_HIGH_worker_mydesign_14
                       ForQA             saed32hvt_ss0p95v125c
SNPS_CLOCK_GATE_HIGH_worker_mydesign_15
                       ForQA             saed32hvt_ss0p95v125c
SNPS_CLOCK_GATE_HIGH_worker_mydesign_16
                       ForQA             saed32hvt_ss0p95v125c
SNPS_CLOCK_GATE_HIGH_worker_mydesign_17
                       ForQA             saed32hvt_ss0p95v125c
SNPS_CLOCK_GATE_HIGH_worker_mydesign_18
                       ForQA             saed32hvt_ss0p95v125c
SNPS_CLOCK_GATE_HIGH_worker_mydesign_19
                       ForQA             saed32hvt_ss0p95v125c
SNPS_CLOCK_GATE_HIGH_worker_mydesign_20
                       ForQA             saed32hvt_ss0p95v125c
SNPS_CLOCK_GATE_HIGH_worker_mydesign_21
                       ForQA             saed32hvt_ss0p95v125c
SNPS_CLOCK_GATE_HIGH_worker_mydesign_22
                       ForQA             saed32hvt_ss0p95v125c
SNPS_CLOCK_GATE_HIGH_worker_mydesign_23
                       ForQA             saed32hvt_ss0p95v125c
SNPS_CLOCK_GATE_HIGH_worker_mydesign_24
                       ForQA             saed32hvt_ss0p95v125c
SNPS_CLOCK_GATE_HIGH_worker_mydesign_25
                       ForQA             saed32hvt_ss0p95v125c
SNPS_CLOCK_GATE_HIGH_worker_mydesign_26
                       ForQA             saed32hvt_ss0p95v125c
SNPS_CLOCK_GATE_HIGH_worker_mydesign_27
                       ForQA             saed32hvt_ss0p95v125c
SNPS_CLOCK_GATE_HIGH_worker_mydesign_28
                       ForQA             saed32hvt_ss0p95v125c
SNPS_CLOCK_GATE_HIGH_worker_mydesign_29
                       ForQA             saed32hvt_ss0p95v125c
SNPS_CLOCK_GATE_HIGH_worker_mydesign_30
                       ForQA             saed32hvt_ss0p95v125c
SNPS_CLOCK_GATE_HIGH_worker_mydesign_31
                       ForQA             saed32hvt_ss0p95v125c
SNPS_CLOCK_GATE_HIGH_worker_mydesign_32
                       ForQA             saed32hvt_ss0p95v125c
SNPS_CLOCK_GATE_HIGH_worker_mydesign_33
                       ForQA             saed32hvt_ss0p95v125c
SNPS_CLOCK_GATE_HIGH_worker_mydesign_34
                       ForQA             saed32hvt_ss0p95v125c
SNPS_CLOCK_GATE_HIGH_worker_mydesign_35
                       ForQA             saed32hvt_ss0p95v125c
SNPS_CLOCK_GATE_HIGH_worker_mydesign_36
                       ForQA             saed32hvt_ss0p95v125c
SNPS_CLOCK_GATE_HIGH_worker_mydesign_37
                       ForQA             saed32hvt_ss0p95v125c
SNPS_CLOCK_GATE_HIGH_worker_mydesign_38
                       ForQA             saed32hvt_ss0p95v125c
SNPS_CLOCK_GATE_HIGH_worker_mydesign_39
                       ForQA             saed32hvt_ss0p95v125c
SNPS_CLOCK_GATE_HIGH_worker_mydesign_40
                       ForQA             saed32hvt_ss0p95v125c
SNPS_CLOCK_GATE_HIGH_worker_mydesign_41
                       ForQA             saed32hvt_ss0p95v125c
SNPS_CLOCK_GATE_HIGH_worker_mydesign_42
                       ForQA             saed32hvt_ss0p95v125c


Global Operating Voltage = 0.95 
Power-specific unit information :
    Voltage Units = 1V
    Capacitance Units = 1.000000ff
    Time Units = 1ns
    Dynamic Power Units = 1uW    (derived from V,C,T units)
    Leakage Power Units = 1pW


--------------------------------------------------------------------------------
                                       Switch   Int      Leak     Total
Hierarchy                              Power    Power    Power    Power    %
--------------------------------------------------------------------------------
worker                                  330.300 1.27e+04 1.58e+09 1.46e+04 100.0
1
